<?xml version="1.0" encoding="UTF-8"?>
<testsuite xmlns:xsi="http://www.w3.org/2001/XMLSchema-instance" xsi:noNamespaceSchemaLocation="https://maven.apache.org/surefire/maven-surefire-plugin/xsd/surefire-test-report-3.0.xsd" version="3.0" name="com.example.AppTest" time="0.088" tests="1" errors="0" skipped="0" failures="0">
  <properties>
    <property name="java.specification.version" value="18"/>
    <property name="sun.jnu.encoding" value="UTF-8"/>
    <property name="java.class.path" value="/Users/ryanzheng/Developer/UtAustinInternship/UTAustinInternship/dataset1/target/test-classes:/Users/ryanzheng/Developer/UtAustinInternship/UTAustinInternship/dataset1/target/classes:/Users/ryanzheng/.m2/repository/me/tongfei/progressbar/0.9.3/progressbar-0.9.3.jar:/Users/ryanzheng/.m2/repository/org/jline/jline/3.21.0/jline-3.21.0.jar:/Users/ryanzheng/.m2/repository/org/slf4j/slf4j-api/2.0.0-alpha7/slf4j-api-2.0.0-alpha7.jar:/Users/ryanzheng/.m2/repository/com/opencsv/opencsv/5.6/opencsv-5.6.jar:/Users/ryanzheng/.m2/repository/org/apache/commons/commons-lang3/3.12.0/commons-lang3-3.12.0.jar:/Users/ryanzheng/.m2/repository/org/apache/commons/commons-text/1.9/commons-text-1.9.jar:/Users/ryanzheng/.m2/repository/commons-beanutils/commons-beanutils/1.9.4/commons-beanutils-1.9.4.jar:/Users/ryanzheng/.m2/repository/commons-logging/commons-logging/1.2/commons-logging-1.2.jar:/Users/ryanzheng/.m2/repository/commons-collections/commons-collections/3.2.2/commons-collections-3.2.2.jar:/Users/ryanzheng/.m2/repository/org/apache/commons/commons-collections4/4.4/commons-collections4-4.4.jar:/Users/ryanzheng/.m2/repository/com/box/box-java-sdk/3.2.1/box-java-sdk-3.2.1.jar:/Users/ryanzheng/.m2/repository/com/eclipsesource/minimal-json/minimal-json/0.9.5/minimal-json-0.9.5.jar:/Users/ryanzheng/.m2/repository/org/bitbucket/b_c/jose4j/0.7.9/jose4j-0.7.9.jar:/Users/ryanzheng/.m2/repository/org/bouncycastle/bcprov-jdk15on/1.57/bcprov-jdk15on-1.57.jar:/Users/ryanzheng/.m2/repository/org/bouncycastle/bcpkix-jdk15on/1.57/bcpkix-jdk15on-1.57.jar:/Users/ryanzheng/.m2/repository/org/apache/poi/openxml4j/1.0-beta/openxml4j-1.0-beta.jar:/Users/ryanzheng/.m2/repository/dom4j/dom4j/1.6.1/dom4j-1.6.1.jar:/Users/ryanzheng/.m2/repository/xml-apis/xml-apis/1.0.b2/xml-apis-1.0.b2.jar:/Users/ryanzheng/.m2/repository/log4j/log4j/1.2.8/log4j-1.2.8.jar:/Users/ryanzheng/.m2/repository/org/junit/jupiter/junit-jupiter-api/5.6.0/junit-jupiter-api-5.6.0.jar:/Users/ryanzheng/.m2/repository/org/apiguardian/apiguardian-api/1.1.0/apiguardian-api-1.1.0.jar:/Users/ryanzheng/.m2/repository/org/opentest4j/opentest4j/1.2.0/opentest4j-1.2.0.jar:/Users/ryanzheng/.m2/repository/org/junit/platform/junit-platform-commons/1.6.0/junit-platform-commons-1.6.0.jar:/Users/ryanzheng/.m2/repository/org/junit/jupiter/junit-jupiter-engine/5.6.0/junit-jupiter-engine-5.6.0.jar:/Users/ryanzheng/.m2/repository/org/junit/platform/junit-platform-engine/1.6.0/junit-platform-engine-1.6.0.jar:/Users/ryanzheng/.m2/repository/org/codehaus/izpack/izpack-maven-plugin/5.1.3/izpack-maven-plugin-5.1.3.jar:/Users/ryanzheng/.m2/repository/org/apache/maven/maven-core/3.2.5/maven-core-3.2.5.jar:/Users/ryanzheng/.m2/repository/org/apache/maven/maven-settings/3.2.5/maven-settings-3.2.5.jar:/Users/ryanzheng/.m2/repository/org/apache/maven/maven-settings-builder/3.2.5/maven-settings-builder-3.2.5.jar:/Users/ryanzheng/.m2/repository/org/apache/maven/maven-repository-metadata/3.2.5/maven-repository-metadata-3.2.5.jar:/Users/ryanzheng/.m2/repository/org/apache/maven/maven-model-builder/3.2.5/maven-model-builder-3.2.5.jar:/Users/ryanzheng/.m2/repository/org/apache/maven/maven-aether-provider/3.2.5/maven-aether-provider-3.2.5.jar:/Users/ryanzheng/.m2/repository/org/eclipse/aether/aether-spi/1.0.0.v20140518/aether-spi-1.0.0.v20140518.jar:/Users/ryanzheng/.m2/repository/org/eclipse/aether/aether-impl/1.0.0.v20140518/aether-impl-1.0.0.v20140518.jar:/Users/ryanzheng/.m2/repository/org/eclipse/aether/aether-api/1.0.0.v20140518/aether-api-1.0.0.v20140518.jar:/Users/ryanzheng/.m2/repository/org/eclipse/aether/aether-util/1.0.0.v20140518/aether-util-1.0.0.v20140518.jar:/Users/ryanzheng/.m2/repository/org/eclipse/sisu/org.eclipse.sisu.plexus/0.3.0.M1/org.eclipse.sisu.plexus-0.3.0.M1.jar:/Users/ryanzheng/.m2/repository/javax/enterprise/cdi-api/1.0/cdi-api-1.0.jar:/Users/ryanzheng/.m2/repository/javax/annotation/jsr250-api/1.0/jsr250-api-1.0.jar:/Users/ryanzheng/.m2/repository/org/eclipse/sisu/org.eclipse.sisu.inject/0.3.0.M1/org.eclipse.sisu.inject-0.3.0.M1.jar:/Users/ryanzheng/.m2/repository/org/sonatype/sisu/sisu-guice/3.2.3/sisu-guice-3.2.3-no_aop.jar:/Users/ryanzheng/.m2/repository/javax/inject/javax.inject/1/javax.inject-1.jar:/Users/ryanzheng/.m2/repository/aopalliance/aopalliance/1.0/aopalliance-1.0.jar:/Users/ryanzheng/.m2/repository/com/google/guava/guava/16.0.1/guava-16.0.1.jar:/Users/ryanzheng/.m2/repository/org/codehaus/plexus/plexus-interpolation/1.21/plexus-interpolation-1.21.jar:/Users/ryanzheng/.m2/repository/org/codehaus/plexus/plexus-utils/3.0.20/plexus-utils-3.0.20.jar:/Users/ryanzheng/.m2/repository/org/codehaus/plexus/plexus-classworlds/2.5.2/plexus-classworlds-2.5.2.jar:/Users/ryanzheng/.m2/repository/org/codehaus/plexus/plexus-component-annotations/1.5.5/plexus-component-annotations-1.5.5.jar:/Users/ryanzheng/.m2/repository/org/sonatype/plexus/plexus-sec-dispatcher/1.3/plexus-sec-dispatcher-1.3.jar:/Users/ryanzheng/.m2/repository/org/sonatype/plexus/plexus-cipher/1.4/plexus-cipher-1.4.jar:/Users/ryanzheng/.m2/repository/org/apache/maven/maven-plugin-api/3.2.5/maven-plugin-api-3.2.5.jar:/Users/ryanzheng/.m2/repository/org/apache/maven/maven-model/3.2.5/maven-model-3.2.5.jar:/Users/ryanzheng/.m2/repository/org/apache/maven/maven-artifact/3.2.5/maven-artifact-3.2.5.jar:/Users/ryanzheng/.m2/repository/org/apache/maven/maven-compat/3.2.5/maven-compat-3.2.5.jar:/Users/ryanzheng/.m2/repository/org/apache/maven/wagon/wagon-provider-api/2.8/wagon-provider-api-2.8.jar:/Users/ryanzheng/.m2/repository/org/codehaus/izpack/izpack-compiler/5.1.3/izpack-compiler-5.1.3.jar:/Users/ryanzheng/.m2/repository/org/codehaus/izpack/izpack-native/5.1.3/izpack-native-5.1.3.jar:/Users/ryanzheng/.m2/repository/org/codehaus/izpack/izpack-panel/5.1.3/izpack-panel-5.1.3.jar:/Users/ryanzheng/.m2/repository/org/apache/pdfbox/pdfbox/1.8.10/pdfbox-1.8.10.jar:/Users/ryanzheng/.m2/repository/org/apache/pdfbox/fontbox/1.8.10/fontbox-1.8.10.jar:/Users/ryanzheng/.m2/repository/org/apache/pdfbox/jempbox/1.8.10/jempbox-1.8.10.jar:/Users/ryanzheng/.m2/repository/org/icepdf/os/icepdf-viewer/6.2.2/icepdf-viewer-6.2.2.jar:/Users/ryanzheng/.m2/repository/org/icepdf/os/icepdf-core/6.2.2/icepdf-core-6.2.2.jar:/Users/ryanzheng/.m2/repository/org/bouncycastle/bcprov-ext-jdk15on/1.54/bcprov-ext-jdk15on-1.54.jar:/Users/ryanzheng/.m2/repository/batik/batik-awt-util/1.6/batik-awt-util-1.6.jar:/Users/ryanzheng/.m2/repository/batik/batik-dom/1.6/batik-dom-1.6.jar:/Users/ryanzheng/.m2/repository/batik/batik-svg-dom/1.6/batik-svg-dom-1.6.jar:/Users/ryanzheng/.m2/repository/batik/batik-svggen/1.6/batik-svggen-1.6.jar:/Users/ryanzheng/.m2/repository/batik/batik-util/1.6/batik-util-1.6.jar:/Users/ryanzheng/.m2/repository/batik/batik-xml/1.6/batik-xml-1.6.jar:/Users/ryanzheng/.m2/repository/org/codehaus/izpack/izpack-util/5.1.3/izpack-util-5.1.3.jar:/Users/ryanzheng/.m2/repository/org/jdom/jdom2/2.0.5/jdom2-2.0.5.jar:/Users/ryanzheng/.m2/repository/org/picocontainer/picocontainer/2.15/picocontainer-2.15.jar:/Users/ryanzheng/.m2/repository/commons-cli/commons-cli/1.3.1/commons-cli-1.3.1.jar:/Users/ryanzheng/.m2/repository/org/apache/commons/commons-compress/1.12/commons-compress-1.12.jar:/Users/ryanzheng/.m2/repository/org/tukaani/xz/1.6/xz-1.6.jar:/Users/ryanzheng/.m2/repository/jline/jline/2.12.1/jline-2.12.1.jar:/Users/ryanzheng/.m2/repository/org/apache/tika/tika-core/1.9/tika-core-1.9.jar:/Users/ryanzheng/.m2/repository/org/apache/tika/tika-parsers/1.9/tika-parsers-1.9.jar:/Users/ryanzheng/.m2/repository/org/gagravarr/vorbis-java-tika/0.6/vorbis-java-tika-0.6.jar:/Users/ryanzheng/.m2/repository/net/sourceforge/jmatio/jmatio/1.0/jmatio-1.0.jar:/Users/ryanzheng/.m2/repository/org/apache/james/apache-mime4j-core/0.7.2/apache-mime4j-core-0.7.2.jar:/Users/ryanzheng/.m2/repository/org/apache/james/apache-mime4j-dom/0.7.2/apache-mime4j-dom-0.7.2.jar:/Users/ryanzheng/.m2/repository/commons-codec/commons-codec/1.9/commons-codec-1.9.jar:/Users/ryanzheng/.m2/repository/org/bouncycastle/bcmail-jdk15on/1.52/bcmail-jdk15on-1.52.jar:/Users/ryanzheng/.m2/repository/org/apache/poi/poi/3.12/poi-3.12.jar:/Users/ryanzheng/.m2/repository/org/apache/poi/poi-scratchpad/3.12/poi-scratchpad-3.12.jar:/Users/ryanzheng/.m2/repository/org/apache/poi/poi-ooxml/3.12/poi-ooxml-3.12.jar:/Users/ryanzheng/.m2/repository/org/apache/poi/poi-ooxml-schemas/3.12/poi-ooxml-schemas-3.12.jar:/Users/ryanzheng/.m2/repository/org/apache/xmlbeans/xmlbeans/2.6.0/xmlbeans-2.6.0.jar:/Users/ryanzheng/.m2/repository/org/ccil/cowan/tagsoup/tagsoup/1.2.1/tagsoup-1.2.1.jar:/Users/ryanzheng/.m2/repository/org/ow2/asm/asm-debug-all/4.1/asm-debug-all-4.1.jar:/Users/ryanzheng/.m2/repository/com/googlecode/mp4parser/isoparser/1.0.2/isoparser-1.0.2.jar:/Users/ryanzheng/.m2/repository/org/aspectj/aspectjrt/1.8.0/aspectjrt-1.8.0.jar:/Users/ryanzheng/.m2/repository/com/drewnoakes/metadata-extractor/2.8.0/metadata-extractor-2.8.0.jar:/Users/ryanzheng/.m2/repository/com/adobe/xmp/xmpcore/5.1.2/xmpcore-5.1.2.jar:/Users/ryanzheng/.m2/repository/de/l3s/boilerpipe/boilerpipe/1.1.0/boilerpipe-1.1.0.jar:/Users/ryanzheng/.m2/repository/rome/rome/1.0/rome-1.0.jar:/Users/ryanzheng/.m2/repository/jdom/jdom/1.0/jdom-1.0.jar:/Users/ryanzheng/.m2/repository/org/gagravarr/vorbis-java-core/0.6/vorbis-java-core-0.6.jar:/Users/ryanzheng/.m2/repository/com/googlecode/juniversalchardet/juniversalchardet/1.0.3/juniversalchardet-1.0.3.jar:/Users/ryanzheng/.m2/repository/org/codelibs/jhighlight/1.0.2/jhighlight-1.0.2.jar:/Users/ryanzheng/.m2/repository/com/pff/java-libpst/0.8.1/java-libpst-0.8.1.jar:/Users/ryanzheng/.m2/repository/com/github/junrar/junrar/0.7/junrar-0.7.jar:/Users/ryanzheng/.m2/repository/commons-logging/commons-logging-api/1.1/commons-logging-api-1.1.jar:/Users/ryanzheng/.m2/repository/org/apache/commons/commons-vfs2/2.0/commons-vfs2-2.0.jar:/Users/ryanzheng/.m2/repository/org/apache/maven/scm/maven-scm-api/1.4/maven-scm-api-1.4.jar:/Users/ryanzheng/.m2/repository/org/apache/maven/scm/maven-scm-provider-svnexe/1.4/maven-scm-provider-svnexe-1.4.jar:/Users/ryanzheng/.m2/repository/org/apache/maven/scm/maven-scm-provider-svn-commons/1.4/maven-scm-provider-svn-commons-1.4.jar:/Users/ryanzheng/.m2/repository/regexp/regexp/1.3/regexp-1.3.jar:/Users/ryanzheng/.m2/repository/org/apache/opennlp/opennlp-tools/1.5.3/opennlp-tools-1.5.3.jar:/Users/ryanzheng/.m2/repository/org/apache/opennlp/opennlp-maxent/3.0.3/opennlp-maxent-3.0.3.jar:/Users/ryanzheng/.m2/repository/net/sf/jwordnet/jwnl/1.3.3/jwnl-1.3.3.jar:/Users/ryanzheng/.m2/repository/org/apache/commons/commons-exec/1.3/commons-exec-1.3.jar:/Users/ryanzheng/.m2/repository/com/googlecode/json-simple/json-simple/1.1.1/json-simple-1.1.1.jar:/Users/ryanzheng/.m2/repository/junit/junit/4.10/junit-4.10.jar:/Users/ryanzheng/.m2/repository/org/hamcrest/hamcrest-core/1.1/hamcrest-core-1.1.jar:/Users/ryanzheng/.m2/repository/edu/ucar/netcdf4/4.5.5/netcdf4-4.5.5.jar:/Users/ryanzheng/.m2/repository/net/jcip/jcip-annotations/1.0/jcip-annotations-1.0.jar:/Users/ryanzheng/.m2/repository/net/java/dev/jna/jna/4.1.0/jna-4.1.0.jar:/Users/ryanzheng/.m2/repository/edu/ucar/grib/4.5.5/grib-4.5.5.jar:/Users/ryanzheng/.m2/repository/com/google/protobuf/protobuf-java/2.5.0/protobuf-java-2.5.0.jar:/Users/ryanzheng/.m2/repository/org/jsoup/jsoup/1.7.2/jsoup-1.7.2.jar:/Users/ryanzheng/.m2/repository/edu/ucar/jj2000/5.2/jj2000-5.2.jar:/Users/ryanzheng/.m2/repository/org/itadaki/bzip2/0.9.1/bzip2-0.9.1.jar:/Users/ryanzheng/.m2/repository/edu/ucar/cdm/4.5.5/cdm-4.5.5.jar:/Users/ryanzheng/.m2/repository/edu/ucar/udunits/4.5.5/udunits-4.5.5.jar:/Users/ryanzheng/.m2/repository/org/apache/httpcomponents/httpcore/4.2.5/httpcore-4.2.5.jar:/Users/ryanzheng/.m2/repository/joda-time/joda-time/2.2/joda-time-2.2.jar:/Users/ryanzheng/.m2/repository/org/quartz-scheduler/quartz/2.2.0/quartz-2.2.0.jar:/Users/ryanzheng/.m2/repository/c3p0/c3p0/0.9.1.1/c3p0-0.9.1.1.jar:/Users/ryanzheng/.m2/repository/net/sf/ehcache/ehcache-core/2.6.2/ehcache-core-2.6.2.jar:/Users/ryanzheng/.m2/repository/com/beust/jcommander/1.35/jcommander-1.35.jar:/Users/ryanzheng/.m2/repository/edu/ucar/httpservices/4.5.5/httpservices-4.5.5.jar:/Users/ryanzheng/.m2/repository/org/apache/httpcomponents/httpclient/4.2.6/httpclient-4.2.6.jar:/Users/ryanzheng/.m2/repository/org/apache/httpcomponents/httpmime/4.2.6/httpmime-4.2.6.jar:/Users/ryanzheng/.m2/repository/org/apache/commons/commons-csv/1.0/commons-csv-1.0.jar:/Users/ryanzheng/.m2/repository/org/apache/sis/core/sis-utility/0.5/sis-utility-0.5.jar:/Users/ryanzheng/.m2/repository/org/apache/sis/storage/sis-netcdf/0.5/sis-netcdf-0.5.jar:/Users/ryanzheng/.m2/repository/org/apache/sis/storage/sis-storage/0.5/sis-storage-0.5.jar:/Users/ryanzheng/.m2/repository/org/apache/sis/core/sis-referencing/0.5/sis-referencing-0.5.jar:/Users/ryanzheng/.m2/repository/org/apache/sis/core/sis-metadata/0.5/sis-metadata-0.5.jar:/Users/ryanzheng/.m2/repository/org/opengis/geoapi/3.0.0/geoapi-3.0.0.jar:/Users/ryanzheng/.m2/repository/javax/measure/jsr-275/0.9.3/jsr-275-0.9.3.jar:/Users/ryanzheng/.m2/repository/com/github/insubstantial/substance/7.3/substance-7.3.jar:/Users/ryanzheng/.m2/repository/com/github/insubstantial/trident/7.3/trident-7.3-swing.jar:/Users/ryanzheng/.m2/repository/com/github/insubstantial/laf-plugin/7.3/laf-plugin-7.3.jar:/Users/ryanzheng/.m2/repository/com/github/insubstantial/laf-widget/7.3/laf-widget-7.3.jar:/Users/ryanzheng/.m2/repository/com/incors/kunstoff-laf/2.0.2/kunstoff-laf-2.0.2.jar:/Users/ryanzheng/.m2/repository/com/jgoodies/looks/2.2.2/looks-2.2.2.jar:/Users/ryanzheng/.m2/repository/org/codehaus/izpack/izpack-core/5.1.3/izpack-core-5.1.3.jar:/Users/ryanzheng/.m2/repository/org/codehaus/izpack/izpack-tools/5.1.3/izpack-tools-5.1.3.jar:/Users/ryanzheng/.m2/repository/org/codehaus/izpack/izpack-uninstaller/5.1.3/izpack-uninstaller-5.1.3.jar:/Users/ryanzheng/.m2/repository/org/codehaus/izpack/izpack-gui/5.1.3/izpack-gui-5.1.3.jar:/Users/ryanzheng/.m2/repository/org/codehaus/izpack/izpack-installer/5.1.3/izpack-installer-5.1.3.jar:/Users/ryanzheng/.m2/repository/org/codehaus/izpack/izpack-event/5.1.3/izpack-event-5.1.3.jar:/Users/ryanzheng/.m2/repository/org/apache/ant/ant/1.9.9/ant-1.9.9.jar:/Users/ryanzheng/.m2/repository/org/apache/ant/ant-launcher/1.9.9/ant-launcher-1.9.9.jar:/Users/ryanzheng/.m2/repository/org/codehaus/izpack/izpack-api/5.1.3/izpack-api-5.1.3.jar:/Users/ryanzheng/.m2/repository/commons-io/commons-io/2.5/commons-io-2.5.jar:"/>
    <property name="java.vm.vendor" value="Homebrew"/>
    <property name="sun.arch.data.model" value="64"/>
    <property name="java.vendor.url" value="https://github.com/Homebrew/homebrew-core/issues"/>
    <property name="os.name" value="Mac OS X"/>
    <property name="java.vm.specification.version" value="18"/>
    <property name="sun.java.launcher" value="SUN_STANDARD"/>
    <property name="user.country" value="US"/>
    <property name="sun.boot.library.path" value="/usr/local/Cellar/openjdk/18.0.1.1/libexec/openjdk.jdk/Contents/Home/lib"/>
    <property name="sun.java.command" value="/Users/ryanzheng/Developer/UtAustinInternship/UTAustinInternship/dataset1/target/surefire/surefirebooter2985646644405619147.jar /Users/ryanzheng/Developer/UtAustinInternship/UTAustinInternship/dataset1/target/surefire 2022-07-17T17-17-25_282-jvmRun1 surefire13557901107803365859tmp surefire_012611995555851570700tmp"/>
    <property name="http.nonProxyHosts" value="local|*.local|169.254/16|*.169.254/16"/>
    <property name="jdk.debug" value="release"/>
    <property name="surefire.test.class.path" value="/Users/ryanzheng/Developer/UtAustinInternship/UTAustinInternship/dataset1/target/test-classes:/Users/ryanzheng/Developer/UtAustinInternship/UTAustinInternship/dataset1/target/classes:/Users/ryanzheng/.m2/repository/me/tongfei/progressbar/0.9.3/progressbar-0.9.3.jar:/Users/ryanzheng/.m2/repository/org/jline/jline/3.21.0/jline-3.21.0.jar:/Users/ryanzheng/.m2/repository/org/slf4j/slf4j-api/2.0.0-alpha7/slf4j-api-2.0.0-alpha7.jar:/Users/ryanzheng/.m2/repository/com/opencsv/opencsv/5.6/opencsv-5.6.jar:/Users/ryanzheng/.m2/repository/org/apache/commons/commons-lang3/3.12.0/commons-lang3-3.12.0.jar:/Users/ryanzheng/.m2/repository/org/apache/commons/commons-text/1.9/commons-text-1.9.jar:/Users/ryanzheng/.m2/repository/commons-beanutils/commons-beanutils/1.9.4/commons-beanutils-1.9.4.jar:/Users/ryanzheng/.m2/repository/commons-logging/commons-logging/1.2/commons-logging-1.2.jar:/Users/ryanzheng/.m2/repository/commons-collections/commons-collections/3.2.2/commons-collections-3.2.2.jar:/Users/ryanzheng/.m2/repository/org/apache/commons/commons-collections4/4.4/commons-collections4-4.4.jar:/Users/ryanzheng/.m2/repository/com/box/box-java-sdk/3.2.1/box-java-sdk-3.2.1.jar:/Users/ryanzheng/.m2/repository/com/eclipsesource/minimal-json/minimal-json/0.9.5/minimal-json-0.9.5.jar:/Users/ryanzheng/.m2/repository/org/bitbucket/b_c/jose4j/0.7.9/jose4j-0.7.9.jar:/Users/ryanzheng/.m2/repository/org/bouncycastle/bcprov-jdk15on/1.57/bcprov-jdk15on-1.57.jar:/Users/ryanzheng/.m2/repository/org/bouncycastle/bcpkix-jdk15on/1.57/bcpkix-jdk15on-1.57.jar:/Users/ryanzheng/.m2/repository/org/apache/poi/openxml4j/1.0-beta/openxml4j-1.0-beta.jar:/Users/ryanzheng/.m2/repository/dom4j/dom4j/1.6.1/dom4j-1.6.1.jar:/Users/ryanzheng/.m2/repository/xml-apis/xml-apis/1.0.b2/xml-apis-1.0.b2.jar:/Users/ryanzheng/.m2/repository/log4j/log4j/1.2.8/log4j-1.2.8.jar:/Users/ryanzheng/.m2/repository/org/junit/jupiter/junit-jupiter-api/5.6.0/junit-jupiter-api-5.6.0.jar:/Users/ryanzheng/.m2/repository/org/apiguardian/apiguardian-api/1.1.0/apiguardian-api-1.1.0.jar:/Users/ryanzheng/.m2/repository/org/opentest4j/opentest4j/1.2.0/opentest4j-1.2.0.jar:/Users/ryanzheng/.m2/repository/org/junit/platform/junit-platform-commons/1.6.0/junit-platform-commons-1.6.0.jar:/Users/ryanzheng/.m2/repository/org/junit/jupiter/junit-jupiter-engine/5.6.0/junit-jupiter-engine-5.6.0.jar:/Users/ryanzheng/.m2/repository/org/junit/platform/junit-platform-engine/1.6.0/junit-platform-engine-1.6.0.jar:/Users/ryanzheng/.m2/repository/org/codehaus/izpack/izpack-maven-plugin/5.1.3/izpack-maven-plugin-5.1.3.jar:/Users/ryanzheng/.m2/repository/org/apache/maven/maven-core/3.2.5/maven-core-3.2.5.jar:/Users/ryanzheng/.m2/repository/org/apache/maven/maven-settings/3.2.5/maven-settings-3.2.5.jar:/Users/ryanzheng/.m2/repository/org/apache/maven/maven-settings-builder/3.2.5/maven-settings-builder-3.2.5.jar:/Users/ryanzheng/.m2/repository/org/apache/maven/maven-repository-metadata/3.2.5/maven-repository-metadata-3.2.5.jar:/Users/ryanzheng/.m2/repository/org/apache/maven/maven-model-builder/3.2.5/maven-model-builder-3.2.5.jar:/Users/ryanzheng/.m2/repository/org/apache/maven/maven-aether-provider/3.2.5/maven-aether-provider-3.2.5.jar:/Users/ryanzheng/.m2/repository/org/eclipse/aether/aether-spi/1.0.0.v20140518/aether-spi-1.0.0.v20140518.jar:/Users/ryanzheng/.m2/repository/org/eclipse/aether/aether-impl/1.0.0.v20140518/aether-impl-1.0.0.v20140518.jar:/Users/ryanzheng/.m2/repository/org/eclipse/aether/aether-api/1.0.0.v20140518/aether-api-1.0.0.v20140518.jar:/Users/ryanzheng/.m2/repository/org/eclipse/aether/aether-util/1.0.0.v20140518/aether-util-1.0.0.v20140518.jar:/Users/ryanzheng/.m2/repository/org/eclipse/sisu/org.eclipse.sisu.plexus/0.3.0.M1/org.eclipse.sisu.plexus-0.3.0.M1.jar:/Users/ryanzheng/.m2/repository/javax/enterprise/cdi-api/1.0/cdi-api-1.0.jar:/Users/ryanzheng/.m2/repository/javax/annotation/jsr250-api/1.0/jsr250-api-1.0.jar:/Users/ryanzheng/.m2/repository/org/eclipse/sisu/org.eclipse.sisu.inject/0.3.0.M1/org.eclipse.sisu.inject-0.3.0.M1.jar:/Users/ryanzheng/.m2/repository/org/sonatype/sisu/sisu-guice/3.2.3/sisu-guice-3.2.3-no_aop.jar:/Users/ryanzheng/.m2/repository/javax/inject/javax.inject/1/javax.inject-1.jar:/Users/ryanzheng/.m2/repository/aopalliance/aopalliance/1.0/aopalliance-1.0.jar:/Users/ryanzheng/.m2/repository/com/google/guava/guava/16.0.1/guava-16.0.1.jar:/Users/ryanzheng/.m2/repository/org/codehaus/plexus/plexus-interpolation/1.21/plexus-interpolation-1.21.jar:/Users/ryanzheng/.m2/repository/org/codehaus/plexus/plexus-utils/3.0.20/plexus-utils-3.0.20.jar:/Users/ryanzheng/.m2/repository/org/codehaus/plexus/plexus-classworlds/2.5.2/plexus-classworlds-2.5.2.jar:/Users/ryanzheng/.m2/repository/org/codehaus/plexus/plexus-component-annotations/1.5.5/plexus-component-annotations-1.5.5.jar:/Users/ryanzheng/.m2/repository/org/sonatype/plexus/plexus-sec-dispatcher/1.3/plexus-sec-dispatcher-1.3.jar:/Users/ryanzheng/.m2/repository/org/sonatype/plexus/plexus-cipher/1.4/plexus-cipher-1.4.jar:/Users/ryanzheng/.m2/repository/org/apache/maven/maven-plugin-api/3.2.5/maven-plugin-api-3.2.5.jar:/Users/ryanzheng/.m2/repository/org/apache/maven/maven-model/3.2.5/maven-model-3.2.5.jar:/Users/ryanzheng/.m2/repository/org/apache/maven/maven-artifact/3.2.5/maven-artifact-3.2.5.jar:/Users/ryanzheng/.m2/repository/org/apache/maven/maven-compat/3.2.5/maven-compat-3.2.5.jar:/Users/ryanzheng/.m2/repository/org/apache/maven/wagon/wagon-provider-api/2.8/wagon-provider-api-2.8.jar:/Users/ryanzheng/.m2/repository/org/codehaus/izpack/izpack-compiler/5.1.3/izpack-compiler-5.1.3.jar:/Users/ryanzheng/.m2/repository/org/codehaus/izpack/izpack-native/5.1.3/izpack-native-5.1.3.jar:/Users/ryanzheng/.m2/repository/org/codehaus/izpack/izpack-panel/5.1.3/izpack-panel-5.1.3.jar:/Users/ryanzheng/.m2/repository/org/apache/pdfbox/pdfbox/1.8.10/pdfbox-1.8.10.jar:/Users/ryanzheng/.m2/repository/org/apache/pdfbox/fontbox/1.8.10/fontbox-1.8.10.jar:/Users/ryanzheng/.m2/repository/org/apache/pdfbox/jempbox/1.8.10/jempbox-1.8.10.jar:/Users/ryanzheng/.m2/repository/org/icepdf/os/icepdf-viewer/6.2.2/icepdf-viewer-6.2.2.jar:/Users/ryanzheng/.m2/repository/org/icepdf/os/icepdf-core/6.2.2/icepdf-core-6.2.2.jar:/Users/ryanzheng/.m2/repository/org/bouncycastle/bcprov-ext-jdk15on/1.54/bcprov-ext-jdk15on-1.54.jar:/Users/ryanzheng/.m2/repository/batik/batik-awt-util/1.6/batik-awt-util-1.6.jar:/Users/ryanzheng/.m2/repository/batik/batik-dom/1.6/batik-dom-1.6.jar:/Users/ryanzheng/.m2/repository/batik/batik-svg-dom/1.6/batik-svg-dom-1.6.jar:/Users/ryanzheng/.m2/repository/batik/batik-svggen/1.6/batik-svggen-1.6.jar:/Users/ryanzheng/.m2/repository/batik/batik-util/1.6/batik-util-1.6.jar:/Users/ryanzheng/.m2/repository/batik/batik-xml/1.6/batik-xml-1.6.jar:/Users/ryanzheng/.m2/repository/org/codehaus/izpack/izpack-util/5.1.3/izpack-util-5.1.3.jar:/Users/ryanzheng/.m2/repository/org/jdom/jdom2/2.0.5/jdom2-2.0.5.jar:/Users/ryanzheng/.m2/repository/org/picocontainer/picocontainer/2.15/picocontainer-2.15.jar:/Users/ryanzheng/.m2/repository/commons-cli/commons-cli/1.3.1/commons-cli-1.3.1.jar:/Users/ryanzheng/.m2/repository/org/apache/commons/commons-compress/1.12/commons-compress-1.12.jar:/Users/ryanzheng/.m2/repository/org/tukaani/xz/1.6/xz-1.6.jar:/Users/ryanzheng/.m2/repository/jline/jline/2.12.1/jline-2.12.1.jar:/Users/ryanzheng/.m2/repository/org/apache/tika/tika-core/1.9/tika-core-1.9.jar:/Users/ryanzheng/.m2/repository/org/apache/tika/tika-parsers/1.9/tika-parsers-1.9.jar:/Users/ryanzheng/.m2/repository/org/gagravarr/vorbis-java-tika/0.6/vorbis-java-tika-0.6.jar:/Users/ryanzheng/.m2/repository/net/sourceforge/jmatio/jmatio/1.0/jmatio-1.0.jar:/Users/ryanzheng/.m2/repository/org/apache/james/apache-mime4j-core/0.7.2/apache-mime4j-core-0.7.2.jar:/Users/ryanzheng/.m2/repository/org/apache/james/apache-mime4j-dom/0.7.2/apache-mime4j-dom-0.7.2.jar:/Users/ryanzheng/.m2/repository/commons-codec/commons-codec/1.9/commons-codec-1.9.jar:/Users/ryanzheng/.m2/repository/org/bouncycastle/bcmail-jdk15on/1.52/bcmail-jdk15on-1.52.jar:/Users/ryanzheng/.m2/repository/org/apache/poi/poi/3.12/poi-3.12.jar:/Users/ryanzheng/.m2/repository/org/apache/poi/poi-scratchpad/3.12/poi-scratchpad-3.12.jar:/Users/ryanzheng/.m2/repository/org/apache/poi/poi-ooxml/3.12/poi-ooxml-3.12.jar:/Users/ryanzheng/.m2/repository/org/apache/poi/poi-ooxml-schemas/3.12/poi-ooxml-schemas-3.12.jar:/Users/ryanzheng/.m2/repository/org/apache/xmlbeans/xmlbeans/2.6.0/xmlbeans-2.6.0.jar:/Users/ryanzheng/.m2/repository/org/ccil/cowan/tagsoup/tagsoup/1.2.1/tagsoup-1.2.1.jar:/Users/ryanzheng/.m2/repository/org/ow2/asm/asm-debug-all/4.1/asm-debug-all-4.1.jar:/Users/ryanzheng/.m2/repository/com/googlecode/mp4parser/isoparser/1.0.2/isoparser-1.0.2.jar:/Users/ryanzheng/.m2/repository/org/aspectj/aspectjrt/1.8.0/aspectjrt-1.8.0.jar:/Users/ryanzheng/.m2/repository/com/drewnoakes/metadata-extractor/2.8.0/metadata-extractor-2.8.0.jar:/Users/ryanzheng/.m2/repository/com/adobe/xmp/xmpcore/5.1.2/xmpcore-5.1.2.jar:/Users/ryanzheng/.m2/repository/de/l3s/boilerpipe/boilerpipe/1.1.0/boilerpipe-1.1.0.jar:/Users/ryanzheng/.m2/repository/rome/rome/1.0/rome-1.0.jar:/Users/ryanzheng/.m2/repository/jdom/jdom/1.0/jdom-1.0.jar:/Users/ryanzheng/.m2/repository/org/gagravarr/vorbis-java-core/0.6/vorbis-java-core-0.6.jar:/Users/ryanzheng/.m2/repository/com/googlecode/juniversalchardet/juniversalchardet/1.0.3/juniversalchardet-1.0.3.jar:/Users/ryanzheng/.m2/repository/org/codelibs/jhighlight/1.0.2/jhighlight-1.0.2.jar:/Users/ryanzheng/.m2/repository/com/pff/java-libpst/0.8.1/java-libpst-0.8.1.jar:/Users/ryanzheng/.m2/repository/com/github/junrar/junrar/0.7/junrar-0.7.jar:/Users/ryanzheng/.m2/repository/commons-logging/commons-logging-api/1.1/commons-logging-api-1.1.jar:/Users/ryanzheng/.m2/repository/org/apache/commons/commons-vfs2/2.0/commons-vfs2-2.0.jar:/Users/ryanzheng/.m2/repository/org/apache/maven/scm/maven-scm-api/1.4/maven-scm-api-1.4.jar:/Users/ryanzheng/.m2/repository/org/apache/maven/scm/maven-scm-provider-svnexe/1.4/maven-scm-provider-svnexe-1.4.jar:/Users/ryanzheng/.m2/repository/org/apache/maven/scm/maven-scm-provider-svn-commons/1.4/maven-scm-provider-svn-commons-1.4.jar:/Users/ryanzheng/.m2/repository/regexp/regexp/1.3/regexp-1.3.jar:/Users/ryanzheng/.m2/repository/org/apache/opennlp/opennlp-tools/1.5.3/opennlp-tools-1.5.3.jar:/Users/ryanzheng/.m2/repository/org/apache/opennlp/opennlp-maxent/3.0.3/opennlp-maxent-3.0.3.jar:/Users/ryanzheng/.m2/repository/net/sf/jwordnet/jwnl/1.3.3/jwnl-1.3.3.jar:/Users/ryanzheng/.m2/repository/org/apache/commons/commons-exec/1.3/commons-exec-1.3.jar:/Users/ryanzheng/.m2/repository/com/googlecode/json-simple/json-simple/1.1.1/json-simple-1.1.1.jar:/Users/ryanzheng/.m2/repository/junit/junit/4.10/junit-4.10.jar:/Users/ryanzheng/.m2/repository/org/hamcrest/hamcrest-core/1.1/hamcrest-core-1.1.jar:/Users/ryanzheng/.m2/repository/edu/ucar/netcdf4/4.5.5/netcdf4-4.5.5.jar:/Users/ryanzheng/.m2/repository/net/jcip/jcip-annotations/1.0/jcip-annotations-1.0.jar:/Users/ryanzheng/.m2/repository/net/java/dev/jna/jna/4.1.0/jna-4.1.0.jar:/Users/ryanzheng/.m2/repository/edu/ucar/grib/4.5.5/grib-4.5.5.jar:/Users/ryanzheng/.m2/repository/com/google/protobuf/protobuf-java/2.5.0/protobuf-java-2.5.0.jar:/Users/ryanzheng/.m2/repository/org/jsoup/jsoup/1.7.2/jsoup-1.7.2.jar:/Users/ryanzheng/.m2/repository/edu/ucar/jj2000/5.2/jj2000-5.2.jar:/Users/ryanzheng/.m2/repository/org/itadaki/bzip2/0.9.1/bzip2-0.9.1.jar:/Users/ryanzheng/.m2/repository/edu/ucar/cdm/4.5.5/cdm-4.5.5.jar:/Users/ryanzheng/.m2/repository/edu/ucar/udunits/4.5.5/udunits-4.5.5.jar:/Users/ryanzheng/.m2/repository/org/apache/httpcomponents/httpcore/4.2.5/httpcore-4.2.5.jar:/Users/ryanzheng/.m2/repository/joda-time/joda-time/2.2/joda-time-2.2.jar:/Users/ryanzheng/.m2/repository/org/quartz-scheduler/quartz/2.2.0/quartz-2.2.0.jar:/Users/ryanzheng/.m2/repository/c3p0/c3p0/0.9.1.1/c3p0-0.9.1.1.jar:/Users/ryanzheng/.m2/repository/net/sf/ehcache/ehcache-core/2.6.2/ehcache-core-2.6.2.jar:/Users/ryanzheng/.m2/repository/com/beust/jcommander/1.35/jcommander-1.35.jar:/Users/ryanzheng/.m2/repository/edu/ucar/httpservices/4.5.5/httpservices-4.5.5.jar:/Users/ryanzheng/.m2/repository/org/apache/httpcomponents/httpclient/4.2.6/httpclient-4.2.6.jar:/Users/ryanzheng/.m2/repository/org/apache/httpcomponents/httpmime/4.2.6/httpmime-4.2.6.jar:/Users/ryanzheng/.m2/repository/org/apache/commons/commons-csv/1.0/commons-csv-1.0.jar:/Users/ryanzheng/.m2/repository/org/apache/sis/core/sis-utility/0.5/sis-utility-0.5.jar:/Users/ryanzheng/.m2/repository/org/apache/sis/storage/sis-netcdf/0.5/sis-netcdf-0.5.jar:/Users/ryanzheng/.m2/repository/org/apache/sis/storage/sis-storage/0.5/sis-storage-0.5.jar:/Users/ryanzheng/.m2/repository/org/apache/sis/core/sis-referencing/0.5/sis-referencing-0.5.jar:/Users/ryanzheng/.m2/repository/org/apache/sis/core/sis-metadata/0.5/sis-metadata-0.5.jar:/Users/ryanzheng/.m2/repository/org/opengis/geoapi/3.0.0/geoapi-3.0.0.jar:/Users/ryanzheng/.m2/repository/javax/measure/jsr-275/0.9.3/jsr-275-0.9.3.jar:/Users/ryanzheng/.m2/repository/com/github/insubstantial/substance/7.3/substance-7.3.jar:/Users/ryanzheng/.m2/repository/com/github/insubstantial/trident/7.3/trident-7.3-swing.jar:/Users/ryanzheng/.m2/repository/com/github/insubstantial/laf-plugin/7.3/laf-plugin-7.3.jar:/Users/ryanzheng/.m2/repository/com/github/insubstantial/laf-widget/7.3/laf-widget-7.3.jar:/Users/ryanzheng/.m2/repository/com/incors/kunstoff-laf/2.0.2/kunstoff-laf-2.0.2.jar:/Users/ryanzheng/.m2/repository/com/jgoodies/looks/2.2.2/looks-2.2.2.jar:/Users/ryanzheng/.m2/repository/org/codehaus/izpack/izpack-core/5.1.3/izpack-core-5.1.3.jar:/Users/ryanzheng/.m2/repository/org/codehaus/izpack/izpack-tools/5.1.3/izpack-tools-5.1.3.jar:/Users/ryanzheng/.m2/repository/org/codehaus/izpack/izpack-uninstaller/5.1.3/izpack-uninstaller-5.1.3.jar:/Users/ryanzheng/.m2/repository/org/codehaus/izpack/izpack-gui/5.1.3/izpack-gui-5.1.3.jar:/Users/ryanzheng/.m2/repository/org/codehaus/izpack/izpack-installer/5.1.3/izpack-installer-5.1.3.jar:/Users/ryanzheng/.m2/repository/org/codehaus/izpack/izpack-event/5.1.3/izpack-event-5.1.3.jar:/Users/ryanzheng/.m2/repository/org/apache/ant/ant/1.9.9/ant-1.9.9.jar:/Users/ryanzheng/.m2/repository/org/apache/ant/ant-launcher/1.9.9/ant-launcher-1.9.9.jar:/Users/ryanzheng/.m2/repository/org/codehaus/izpack/izpack-api/5.1.3/izpack-api-5.1.3.jar:/Users/ryanzheng/.m2/repository/commons-io/commons-io/2.5/commons-io-2.5.jar:"/>
    <property name="sun.cpu.endian" value="little"/>
    <property name="user.home" value="/Users/ryanzheng"/>
    <property name="user.language" value="en"/>
    <property name="java.specification.vendor" value="Oracle Corporation"/>
    <property name="java.version.date" value="2022-04-22"/>
    <property name="java.home" value="/usr/local/Cellar/openjdk/18.0.1.1/libexec/openjdk.jdk/Contents/Home"/>
    <property name="jacoco.skip" value="true"/>
    <property name="file.separator" value="/"/>
    <property name="basedir" value="/Users/ryanzheng/Developer/UtAustinInternship/UTAustinInternship/dataset1"/>
    <property name="java.vm.compressedOopsMode" value="Zero based"/>
    <property name="line.separator" value="&#10;"/>
    <property name="checkstyle.skip" value="true"/>
    <property name="java.vm.specification.vendor" value="Oracle Corporation"/>
    <property name="java.specification.name" value="Java Platform API Specification"/>
    <property name="apple.awt.application.name" value="ForkedBooter"/>
    <property name="surefire.real.class.path" value="/Users/ryanzheng/Developer/UtAustinInternship/UTAustinInternship/dataset1/target/surefire/surefirebooter2985646644405619147.jar"/>
    <property name="sun.management.compiler" value="HotSpot 64-Bit Tiered Compilers"/>
    <property name="ftp.nonProxyHosts" value="local|*.local|169.254/16|*.169.254/16"/>
    <property name="java.runtime.version" value="18.0.1.1+0"/>
    <property name="user.name" value="ryanzheng"/>
    <property name="path.separator" value=":"/>
    <property name="os.version" value="12.3.1"/>
    <property name="java.runtime.name" value="OpenJDK Runtime Environment"/>
    <property name="file.encoding" value="UTF-8"/>
    <property name="java.vm.name" value="OpenJDK 64-Bit Server VM"/>
    <property name="java.vendor.version" value="Homebrew"/>
    <property name="localRepository" value="/Users/ryanzheng/.m2/repository"/>
    <property name="java.vendor.url.bug" value="https://github.com/Homebrew/homebrew-core/issues"/>
    <property name="java.io.tmpdir" value="/var/folders/c0/lj3br77x3rnb_2tz815yfksc0000gn/T/"/>
    <property name="java.version" value="18.0.1.1"/>
    <property name="user.dir" value="/Users/ryanzheng/Developer/UtAustinInternship/UTAustinInternship/dataset1"/>
    <property name="os.arch" value="x86_64"/>
    <property name="java.vm.specification.name" value="Java Virtual Machine Specification"/>
    <property name="native.encoding" value="UTF-8"/>
    <property name="java.library.path" value="/Users/ryanzheng/Library/Java/Extensions:/Library/Java/Extensions:/Network/Library/Java/Extensions:/System/Library/Java/Extensions:/usr/lib/java:."/>
    <property name="java.vm.info" value="mixed mode, sharing"/>
    <property name="java.vendor" value="Homebrew"/>
    <property name="java.vm.version" value="18.0.1.1+0"/>
    <property name="sun.io.unicode.encoding" value="UnicodeBig"/>
    <property name="socksNonProxyHosts" value="local|*.local|169.254/16|*.169.254/16"/>
    <property name="java.class.version" value="62.0"/>
  </properties>
  <testcase name="testApp" classname="com.example.AppTest" time="0.057"/>
</testsuite>